<?xml version="1.0" encoding="UTF-8"?>
<testng-results ignored="0" total="1" passed="1" failed="0" skipped="0">
  <reporter-output>
    <line>
      <![CDATA[Starting browser...]]>
    </line>
    <line>
      <![CDATA[Opening FB login Page...]]>
    </line>
  </reporter-output>
  <suite started-at="2023-07-08T15:01:53 IST" name="Default suite" finished-at="2023-07-08T15:02:50 IST" duration-ms="57183">
    <groups>
    </groups>
    <test started-at="2023-07-08T15:01:53 IST" name="Default test" finished-at="2023-07-08T15:02:50 IST" duration-ms="57183">
      <class name="sample_1.FacebookLoginPage">
        <test-method is-config="true" signature="InitializingDriver()[pri:0, instance:sample_1.FacebookLoginPage@795509d9]" started-at="2023-07-08T15:01:53 IST" name="InitializingDriver" finished-at="2023-07-08T15:02:39 IST" duration-ms="45876" status="PASS">
          <reporter-output>
            <line>
              <![CDATA[Starting browser...]]>
            </line>
          </reporter-output>
        </test-method> <!-- InitializingDriver -->
        <test-method is-config="true" signature="OpenFBloginPage()[pri:0, instance:sample_1.FacebookLoginPage@795509d9]" started-at="2023-07-08T15:02:39 IST" name="OpenFBloginPage" finished-at="2023-07-08T15:02:46 IST" duration-ms="6257" status="PASS">
          <reporter-output>
            <line>
              <![CDATA[Opening FB login Page...]]>
            </line>
          </reporter-output>
        </test-method> <!-- OpenFBloginPage -->
        <test-method signature="ValidatingEmptyfield()[pri:0, instance:sample_1.FacebookLoginPage@795509d9]" started-at="2023-07-08T15:02:46 IST" name="ValidatingEmptyfield" finished-at="2023-07-08T15:02:49 IST" duration-ms="3328" status="PASS">
          <reporter-output>
          </reporter-output>
        </test-method> <!-- ValidatingEmptyfield -->
        <test-method is-config="true" signature="ClosingFBLoginPage()[pri:0, instance:sample_1.FacebookLoginPage@795509d9]" started-at="2023-07-08T15:02:49 IST" name="ClosingFBLoginPage" finished-at="2023-07-08T15:02:50 IST" duration-ms="1437" status="PASS">
          <reporter-output>
          </reporter-output>
        </test-method> <!-- ClosingFBLoginPage -->
      </class> <!-- sample_1.FacebookLoginPage -->
    </test> <!-- Default test -->
  </suite> <!-- Default suite -->
</testng-results>
